<?xml version="1.0" encoding="UTF-8"?>
<testsuite xmlns:xsi="http://www.w3.org/2001/XMLSchema-instance" xsi:noNamespaceSchemaLocation="https://maven.apache.org/surefire/maven-surefire-plugin/xsd/surefire-test-report-3.0.xsd" version="3.0" name="com.example.workflow.ProcessUnitTest" time="0.191" tests="1" errors="0" skipped="0" failures="0">
  <properties>
[...]
</properties>
  <testcase name="testHappyPath" classname="com.example.workflow.ProcessUnitTest" time="0.144">
    <system-out><![CDATA[11:34:58.298 [main] INFO  o.s.b.t.c.SpringBootTestContextBootstrapper - Neither @ContextConfiguration nor @ContextHierarchy found for test class [com.example.workflow.ProcessUnitTest], using SpringBootContextLoader
11:34:58.299 [main] INFO  o.s.t.c.s.AbstractContextLoader - Could not detect default resource locations for test class [com.example.workflow.ProcessUnitTest]: no resource found for suffixes {-context.xml, Context.groovy}.
11:34:58.299 [main] INFO  o.s.t.c.s.AnnotationConfigContextLoaderUtils - Could not detect default configuration classes for test class [com.example.workflow.ProcessUnitTest]: ProcessUnitTest does not declare any static, non-private, non-final, nested classes annotated with @Configuration.
11:34:58.304 [main] INFO  o.s.b.t.c.SpringBootTestContextBootstrapper - Found @SpringBootConfiguration com.example.workflow.CamundaApplication for test class com.example.workflow.ProcessUnitTest
11:34:58.316 [main] INFO  o.s.b.t.c.SpringBootTestContextBootstrapper - Loaded default TestExecutionListener class names from location [META-INF/spring.factories]: [org.springframework.boot.test.mock.mockito.MockitoTestExecutionListener, org.springframework.boot.test.mock.mockito.ResetMocksTestExecutionListener, org.springframework.boot.test.autoconfigure.restdocs.RestDocsTestExecutionListener, org.springframework.boot.test.autoconfigure.web.client.MockRestServiceServerResetTestExecutionListener, org.springframework.boot.test.autoconfigure.web.servlet.MockMvcPrintOnlyOnFailureTestExecutionListener, org.springframework.boot.test.autoconfigure.web.servlet.WebDriverTestExecutionListener, org.springframework.boot.test.autoconfigure.webservices.client.MockWebServiceServerTestExecutionListener, org.springframework.test.context.web.ServletTestExecutionListener, org.springframework.test.context.support.DirtiesContextBeforeModesTestExecutionListener, org.springframework.test.context.event.ApplicationEventsTestExecutionListener, org.springframework.test.context.support.DependencyInjectionTestExecutionListener, org.springframework.test.context.support.DirtiesContextTestExecutionListener, org.springframework.test.context.transaction.TransactionalTestExecutionListener, org.springframework.test.context.jdbc.SqlScriptsTestExecutionListener, org.springframework.test.context.event.EventPublishingTestExecutionListener, org.camunda.community.process_test_coverage.spring_test.platform7.ProcessEngineCoverageTestExecutionListener]
11:34:58.317 [main] INFO  o.s.b.t.c.SpringBootTestContextBootstrapper - Using TestExecutionListeners: [org.springframework.test.context.web.ServletTestExecutionListener@2728e305, org.springframework.test.context.support.DirtiesContextBeforeModesTestExecutionListener@52813ba4, org.springframework.test.context.event.ApplicationEventsTestExecutionListener@62291850, org.springframework.boot.test.mock.mockito.MockitoTestExecutionListener@2518245b, org.springframework.boot.test.autoconfigure.SpringBootDependencyInjectionTestExecutionListener@45c8db36, org.springframework.test.context.support.DirtiesContextTestExecutionListener@1e4f8430, org.springframework.test.context.transaction.TransactionalTestExecutionListener@340ef431, org.springframework.test.context.jdbc.SqlScriptsTestExecutionListener@50d02417, org.springframework.test.context.event.EventPublishingTestExecutionListener@53425450, org.springframework.boot.test.mock.mockito.ResetMocksTestExecutionListener@314e240c, org.springframework.boot.test.autoconfigure.restdocs.RestDocsTestExecutionListener@7222e168, org.springframework.boot.test.autoconfigure.web.client.MockRestServiceServerResetTestExecutionListener@230383a7, org.springframework.boot.test.autoconfigure.web.servlet.MockMvcPrintOnlyOnFailureTestExecutionListener@6222a343, org.springframework.boot.test.autoconfigure.web.servlet.WebDriverTestExecutionListener@228c854f, org.springframework.boot.test.autoconfigure.webservices.client.MockWebServiceServerTestExecutionListener@47c019d7, org.camunda.community.process_test_coverage.spring_test.platform7.ProcessEngineCoverageTestExecutionListener@7861a433]
11:34:58.446 [main] INFO  com.example.workflow.LoggerDelegate - 

  ... LoggerDelegate invoked by activityName='Log to console', activityId=ServiceTask_Logger, processDefinitionId=workflow-app:1:3, processInstanceId=4, businessKey=null, executionId=4, variables={
} 


11:34:58.469 [main] INFO  o.c.c.p.s.p.ProcessEngineCoverageTestExecutionListener - testHappyPath test method coverage is 1.0
]]></system-out>
  </testcase>
</testsuite>