<?xml version="1.0" encoding="UTF-8"?>
<testsuite xmlns:xsi="http://www.w3.org/2001/XMLSchema-instance" xsi:noNamespaceSchemaLocation="https://maven.apache.org/surefire/maven-surefire-plugin/xsd/surefire-test-report-3.0.xsd" version="3.0" name="com.example.workflow.ProcessScenarioTest" time="7.66" tests="1" errors="0" skipped="0" failures="0">
  <properties>
[...]
</properties>
  <testcase name="testHappyPath" classname="com.example.workflow.ProcessScenarioTest" time="0.019">
    <system-out><![CDATA[11:34:50.811 [main] INFO  o.s.b.t.c.SpringBootTestContextBootstrapper - Neither @ContextConfiguration nor @ContextHierarchy found for test class [com.example.workflow.ProcessScenarioTest], using SpringBootContextLoader
11:34:50.813 [main] INFO  o.s.t.c.s.AbstractContextLoader - Could not detect default resource locations for test class [com.example.workflow.ProcessScenarioTest]: no resource found for suffixes {-context.xml, Context.groovy}.
11:34:50.814 [main] INFO  o.s.t.c.s.AnnotationConfigContextLoaderUtils - Could not detect default configuration classes for test class [com.example.workflow.ProcessScenarioTest]: ProcessScenarioTest does not declare any static, non-private, non-final, nested classes annotated with @Configuration.
11:34:50.969 [main] INFO  o.s.b.t.c.SpringBootTestContextBootstrapper - Found @SpringBootConfiguration com.example.workflow.CamundaApplication for test class com.example.workflow.ProcessScenarioTest
11:34:51.084 [main] INFO  o.s.b.t.c.SpringBootTestContextBootstrapper - Loaded default TestExecutionListener class names from location [META-INF/spring.factories]: [org.springframework.boot.test.mock.mockito.MockitoTestExecutionListener, org.springframework.boot.test.mock.mockito.ResetMocksTestExecutionListener, org.springframework.boot.test.autoconfigure.restdocs.RestDocsTestExecutionListener, org.springframework.boot.test.autoconfigure.web.client.MockRestServiceServerResetTestExecutionListener, org.springframework.boot.test.autoconfigure.web.servlet.MockMvcPrintOnlyOnFailureTestExecutionListener, org.springframework.boot.test.autoconfigure.web.servlet.WebDriverTestExecutionListener, org.springframework.boot.test.autoconfigure.webservices.client.MockWebServiceServerTestExecutionListener, org.springframework.test.context.web.ServletTestExecutionListener, org.springframework.test.context.support.DirtiesContextBeforeModesTestExecutionListener, org.springframework.test.context.event.ApplicationEventsTestExecutionListener, org.springframework.test.context.support.DependencyInjectionTestExecutionListener, org.springframework.test.context.support.DirtiesContextTestExecutionListener, org.springframework.test.context.transaction.TransactionalTestExecutionListener, org.springframework.test.context.jdbc.SqlScriptsTestExecutionListener, org.springframework.test.context.event.EventPublishingTestExecutionListener, org.camunda.community.process_test_coverage.spring_test.platform7.ProcessEngineCoverageTestExecutionListener]
11:34:51.222 [main] INFO  o.s.b.t.c.SpringBootTestContextBootstrapper - Using TestExecutionListeners: [org.springframework.test.context.web.ServletTestExecutionListener@6cb662e8, org.springframework.test.context.support.DirtiesContextBeforeModesTestExecutionListener@13f2d42c, org.springframework.test.context.event.ApplicationEventsTestExecutionListener@1071ae7c, org.springframework.boot.test.mock.mockito.MockitoTestExecutionListener@dd9de63, org.springframework.boot.test.autoconfigure.SpringBootDependencyInjectionTestExecutionListener@52a75c12, org.springframework.test.context.support.DirtiesContextTestExecutionListener@57f1a1de, org.springframework.test.context.transaction.TransactionalTestExecutionListener@4a6ef712, org.springframework.test.context.jdbc.SqlScriptsTestExecutionListener@98712fa, org.springframework.test.context.event.EventPublishingTestExecutionListener@61288814, org.springframework.boot.test.mock.mockito.ResetMocksTestExecutionListener@3b8d2abe, org.springframework.boot.test.autoconfigure.restdocs.RestDocsTestExecutionListener@6669cba, org.springframework.boot.test.autoconfigure.web.client.MockRestServiceServerResetTestExecutionListener@37c74e4e, org.springframework.boot.test.autoconfigure.web.servlet.MockMvcPrintOnlyOnFailureTestExecutionListener@128a188a, org.springframework.boot.test.autoconfigure.web.servlet.WebDriverTestExecutionListener@400008bf, org.springframework.boot.test.autoconfigure.webservices.client.MockWebServiceServerTestExecutionListener@72b1df49, org.camunda.community.process_test_coverage.spring_test.platform7.ProcessEngineCoverageTestExecutionListener@7f894a6f]

 ____                                 _         ____  _       _    __                      
/ ___| __ _ _ __ ___  _   _ _ __   __| | __ _  |  _ \| | __ _| |_ / _| ___  _ __ _ __ ___  
| |   / _` | '_ ` _ \| | | | '_ \ / _` |/ _` | | |_) | |/ _` | __| |_ / _ \| '__| '_ ` _ \ 
| |__| (_| | | | | | | |_| | | | | (_| | (_| | |  __/| | (_| | |_|  _| (_) | |  | | | | | |
\____/\__,_|_| |_| |_|\__,_|_| |_|\__,_|\__,_| |_|   |_|\__,_|\__|_|  \___/|_|  |_| |_| |_|

  Spring-Boot:  (v2.7.9)
  Camunda Platform: (v7.19.0)
  Camunda Platform Spring Boot Starter: (v7.19.0)

11:34:51.782 [main] INFO  c.e.workflow.ProcessScenarioTest - Starting ProcessScenarioTest using Java 17.0.18 on codespaces-f78780 with PID 11680 (started by codespace in /workspaces/camunda-7-workflow-training/workflow-app)
11:34:51.782 [main] DEBUG c.e.workflow.ProcessScenarioTest - Running with Spring Boot v2.7.9, Spring v5.3.25
11:34:51.783 [main] INFO  c.e.workflow.ProcessScenarioTest - No active profile set, falling back to 1 default profile: "default"
11:34:51.790 [background-preinit] DEBUG org.jboss.logging - Logging Provider: org.jboss.logging.Log4j2LoggerProvider
11:34:51.790 [background-preinit] INFO  o.h.validator.internal.util.Version - HV000001: Hibernate Validator 6.2.5.Final
11:34:51.803 [background-preinit] DEBUG o.h.v.i.x.config.ValidationXmlParser - Trying to load META-INF/validation.xml for XML based Validator configuration.
11:34:51.805 [background-preinit] DEBUG o.h.v.i.x.c.ResourceLoaderHelper - Trying to load META-INF/validation.xml via TCCL
11:34:51.807 [background-preinit] DEBUG o.h.v.i.x.c.ResourceLoaderHelper - Trying to load META-INF/validation.xml via Hibernate Validator's class loader
11:34:51.807 [background-preinit] DEBUG o.h.v.i.x.config.ValidationXmlParser - No META-INF/validation.xml found. Using annotation based configuration only.
11:34:51.811 [background-preinit] DEBUG o.h.v.i.e.r.TraversableResolvers - Cannot find javax.persistence.Persistence on classpath. Assuming non JPA 2 environment. All properties will per default be traversable.
11:34:51.947 [background-preinit] DEBUG o.h.v.m.ResourceBundleMessageInterpolator - Loaded expression factory via original TCCL
11:34:52.479 [background-preinit] DEBUG o.h.v.i.e.ValidatorFactoryConfigurationHelper - HV000252: Using org.hibernate.validator.internal.engine.DefaultPropertyNodeNameProvider as property node name provider.
11:34:52.486 [background-preinit] DEBUG o.h.v.i.e.ValidatorFactoryConfigurationHelper - HV000234: Using org.hibernate.validator.messageinterpolation.ResourceBundleMessageInterpolator as ValidatorFactory-scoped message interpolator.
11:34:52.487 [background-preinit] DEBUG o.h.v.i.e.ValidatorFactoryConfigurationHelper - HV000234: Using org.hibernate.validator.internal.engine.resolver.TraverseAllTraversableResolver as ValidatorFactory-scoped traversable resolver.
11:34:52.487 [background-preinit] DEBUG o.h.v.i.e.ValidatorFactoryConfigurationHelper - HV000234: Using org.hibernate.validator.internal.util.ExecutableParameterNameProvider as ValidatorFactory-scoped parameter name provider.
11:34:52.487 [background-preinit] DEBUG o.h.v.i.e.ValidatorFactoryConfigurationHelper - HV000234: Using org.hibernate.validator.internal.engine.DefaultClockProvider as ValidatorFactory-scoped clock provider.
11:34:52.487 [background-preinit] DEBUG o.h.v.i.e.ValidatorFactoryConfigurationHelper - HV000234: Using org.hibernate.validator.internal.engine.scripting.DefaultScriptEvaluatorFactory as ValidatorFactory-scoped script evaluator factory.
11:34:53.926 [main] DEBUG com.zaxxer.hikari.HikariConfig - Driver class org.h2.Driver found in Thread context class loader jdk.internal.loader.ClassLoaders$AppClassLoader@30946e09
11:34:54.125 [main] INFO  org.camunda.bpm.engine.cfg - ENGINE-12003 Plugin 'CompositeProcessEnginePlugin[genericPropertiesConfiguration, camundaProcessEngineConfiguration, camundaDatasourceConfiguration, camundaHistoryConfiguration, camundaMetricsConfiguration, camundaAuthorizationConfiguration, failedJobConfiguration, camundaConfiguration, disableDeploymentResourcePattern, eventPublisherPlugin, ApplicationContextClassloaderSwitchPlugin, SpringBootSpinProcessEnginePlugin]' activated on process engine 'default'
11:34:54.127 [main] INFO  org.camunda.bpm.spring.boot - STARTER-SB020 ProcessApplication enabled: autoDeployment via springConfiguration#deploymentResourcePattern is disabled
11:34:54.129 [main] INFO  o.c.b.s.b.s.e.EventPublisherPlugin - EVENTING-001: Initialized Camunda Spring Boot Eventing Engine Plugin.
11:34:54.129 [main] INFO  o.c.b.s.b.s.e.EventPublisherPlugin - EVENTING-003: Task events will be published as Spring Events.
11:34:54.129 [main] INFO  o.c.b.s.b.s.e.EventPublisherPlugin - EVENTING-005: Execution events will be published as Spring Events.
11:34:54.129 [main] INFO  o.c.b.s.b.s.e.EventPublisherPlugin - EVENTING-009: Listeners will not be invoked if a skipCustomListeners API parameter is set to true by user.
11:34:54.130 [main] INFO  o.c.b.s.b.s.e.EventPublisherPlugin - EVENTING-007: History events will be published as Spring events.
11:34:54.131 [main] INFO  org.camunda.spin - SPIN-01010 Discovered Spin data format provider: org.camunda.spin.impl.json.jackson.format.JacksonJsonDataFormatProvider[name = application/json]
11:34:54.132 [main] INFO  org.camunda.spin - SPIN-01010 Discovered Spin data format provider: org.camunda.spin.impl.xml.dom.format.DomXmlDataFormatProvider[name = application/xml]
11:34:54.145 [main] INFO  org.camunda.spin - SPIN-01009 Discovered Spin data format: org.camunda.spin.impl.xml.dom.format.DomXmlDataFormat[name = application/xml]
11:34:54.145 [main] INFO  org.camunda.spin - SPIN-01009 Discovered Spin data format: org.camunda.spin.impl.json.jackson.format.JacksonJsonDataFormat[name = application/json]
11:34:54.148 [main] INFO  org.camunda.bpm.dmn.feel.scala - FEEL/SCALA-01001 Spin value mapper detected
11:34:54.148 [main] INFO  org.camunda.feel.FeelEngine - Engine created. [value-mapper: CompositeValueMapper(List(org.camunda.feel.impl.JavaValueMapper@22a8c837, org.camunda.spin.plugin.impl.feel.integration.SpinValueMapper@5f596a1a)), function-provider: org.camunda.bpm.dmn.feel.impl.scala.function.CustomFunctionTransformer@62977afb, clock: SystemClock, configuration: Configuration(false)]
11:34:54.162 [main] DEBUG com.zaxxer.hikari.HikariConfig - HikariPool-1 - configuration:
11:34:54.164 [main] DEBUG com.zaxxer.hikari.HikariConfig - allowPoolSuspension................................false
11:34:54.164 [main] DEBUG com.zaxxer.hikari.HikariConfig - autoCommit................................true
11:34:54.164 [main] DEBUG com.zaxxer.hikari.HikariConfig - catalog................................none
11:34:54.164 [main] DEBUG com.zaxxer.hikari.HikariConfig - connectionInitSql................................none
11:34:54.164 [main] DEBUG com.zaxxer.hikari.HikariConfig - connectionTestQuery................................none
11:34:54.164 [main] DEBUG com.zaxxer.hikari.HikariConfig - connectionTimeout................................30000
11:34:54.164 [main] DEBUG com.zaxxer.hikari.HikariConfig - dataSource................................none
11:34:54.164 [main] DEBUG com.zaxxer.hikari.HikariConfig - dataSourceClassName................................none
11:34:54.164 [main] DEBUG com.zaxxer.hikari.HikariConfig - dataSourceJNDI................................none
11:34:54.167 [main] DEBUG com.zaxxer.hikari.HikariConfig - dataSourceProperties................................{password=<masked>}
11:34:54.167 [main] DEBUG com.zaxxer.hikari.HikariConfig - driverClassName................................"org.h2.Driver"
11:34:54.167 [main] DEBUG com.zaxxer.hikari.HikariConfig - exceptionOverrideClassName................................none
11:34:54.167 [main] DEBUG com.zaxxer.hikari.HikariConfig - healthCheckProperties................................{}
11:34:54.167 [main] DEBUG com.zaxxer.hikari.HikariConfig - healthCheckRegistry................................none
11:34:54.167 [main] DEBUG com.zaxxer.hikari.HikariConfig - idleTimeout................................600000
11:34:54.167 [main] DEBUG com.zaxxer.hikari.HikariConfig - initializationFailTimeout................................1
11:34:54.167 [main] DEBUG com.zaxxer.hikari.HikariConfig - isolateInternalQueries................................false
11:34:54.167 [main] DEBUG com.zaxxer.hikari.HikariConfig - jdbcUrl................................jdbc:h2:mem:camunda-spring-boot-test;DB_CLOSE_ON_EXIT=false
11:34:54.167 [main] DEBUG com.zaxxer.hikari.HikariConfig - keepaliveTime................................0
11:34:54.168 [main] DEBUG com.zaxxer.hikari.HikariConfig - leakDetectionThreshold................................0
11:34:54.168 [main] DEBUG com.zaxxer.hikari.HikariConfig - maxLifetime................................1800000
11:34:54.168 [main] DEBUG com.zaxxer.hikari.HikariConfig - maximumPoolSize................................10
11:34:54.168 [main] DEBUG com.zaxxer.hikari.HikariConfig - metricRegistry................................none
11:34:54.168 [main] DEBUG com.zaxxer.hikari.HikariConfig - metricsTrackerFactory................................none
11:34:54.168 [main] DEBUG com.zaxxer.hikari.HikariConfig - minimumIdle................................10
11:34:54.168 [main] DEBUG com.zaxxer.hikari.HikariConfig - password................................<masked>
11:34:54.168 [main] DEBUG com.zaxxer.hikari.HikariConfig - poolName................................"HikariPool-1"
11:34:54.168 [main] DEBUG com.zaxxer.hikari.HikariConfig - readOnly................................false
11:34:54.168 [main] DEBUG com.zaxxer.hikari.HikariConfig - registerMbeans................................false
11:34:54.168 [main] DEBUG com.zaxxer.hikari.HikariConfig - scheduledExecutor................................none
11:34:54.168 [main] DEBUG com.zaxxer.hikari.HikariConfig - schema................................none
11:34:54.168 [main] DEBUG com.zaxxer.hikari.HikariConfig - threadFactory................................internal
11:34:54.168 [main] DEBUG com.zaxxer.hikari.HikariConfig - transactionIsolation................................default
11:34:54.168 [main] DEBUG com.zaxxer.hikari.HikariConfig - username................................"sa"
11:34:54.170 [main] DEBUG com.zaxxer.hikari.HikariConfig - validationTimeout................................5000
11:34:54.171 [main] INFO  com.zaxxer.hikari.HikariDataSource - HikariPool-1 - Starting...
11:34:54.185 [main] DEBUG com.zaxxer.hikari.pool.HikariPool - HikariPool-1 - Added connection conn1: url=jdbc:h2:mem:camunda-spring-boot-test user=SA
11:34:54.186 [main] INFO  com.zaxxer.hikari.HikariDataSource - HikariPool-1 - Start completed.
11:34:54.286 [HikariPool-1 housekeeper] DEBUG com.zaxxer.hikari.pool.HikariPool - HikariPool-1 - Pool stats (total=1, active=0, idle=1, waiting=0)
11:34:54.287 [HikariPool-1 connection adder] DEBUG com.zaxxer.hikari.pool.HikariPool - HikariPool-1 - Added connection conn2: url=jdbc:h2:mem:camunda-spring-boot-test user=SA
11:34:54.290 [HikariPool-1 connection adder] DEBUG com.zaxxer.hikari.pool.HikariPool - HikariPool-1 - Added connection conn3: url=jdbc:h2:mem:camunda-spring-boot-test user=SA
11:34:54.290 [HikariPool-1 connection adder] DEBUG com.zaxxer.hikari.pool.HikariPool - HikariPool-1 - Added connection conn4: url=jdbc:h2:mem:camunda-spring-boot-test user=SA
11:34:54.291 [HikariPool-1 connection adder] DEBUG com.zaxxer.hikari.pool.HikariPool - HikariPool-1 - Added connection conn5: url=jdbc:h2:mem:camunda-spring-boot-test user=SA
11:34:54.291 [HikariPool-1 connection adder] DEBUG com.zaxxer.hikari.pool.HikariPool - HikariPool-1 - Added connection conn6: url=jdbc:h2:mem:camunda-spring-boot-test user=SA
11:34:54.294 [HikariPool-1 connection adder] DEBUG com.zaxxer.hikari.pool.HikariPool - HikariPool-1 - Added connection conn7: url=jdbc:h2:mem:camunda-spring-boot-test user=SA
11:34:54.294 [HikariPool-1 connection adder] DEBUG com.zaxxer.hikari.pool.HikariPool - HikariPool-1 - Added connection conn8: url=jdbc:h2:mem:camunda-spring-boot-test user=SA
11:34:54.295 [HikariPool-1 connection adder] DEBUG com.zaxxer.hikari.pool.HikariPool - HikariPool-1 - Added connection conn9: url=jdbc:h2:mem:camunda-spring-boot-test user=SA
11:34:54.295 [HikariPool-1 connection adder] DEBUG com.zaxxer.hikari.pool.HikariPool - HikariPool-1 - Added connection conn10: url=jdbc:h2:mem:camunda-spring-boot-test user=SA
11:34:54.295 [HikariPool-1 connection adder] DEBUG com.zaxxer.hikari.pool.HikariPool - HikariPool-1 - After adding stats (total=10, active=0, idle=10, waiting=0)
11:34:55.830 [main] INFO  org.camunda.bpm.engine.persistence - ENGINE-03016 Performing database operation 'create' on component 'engine' with resource 'org/camunda/bpm/engine/db/create/activiti.h2.create.engine.sql'
11:34:55.854 [main] INFO  org.camunda.bpm.engine.persistence - ENGINE-03016 Performing database operation 'create' on component 'history' with resource 'org/camunda/bpm/engine/db/create/activiti.h2.create.history.sql'
11:34:55.861 [main] INFO  org.camunda.bpm.engine.persistence - ENGINE-03016 Performing database operation 'create' on component 'identity' with resource 'org/camunda/bpm/engine/db/create/activiti.h2.create.identity.sql'
11:34:55.871 [main] INFO  org.camunda.bpm.engine.persistence - ENGINE-03016 Performing database operation 'create' on component 'case.engine' with resource 'org/camunda/bpm/engine/db/create/activiti.h2.create.case.engine.sql'
11:34:55.876 [main] INFO  org.camunda.bpm.engine.persistence - ENGINE-03016 Performing database operation 'create' on component 'case.history' with resource 'org/camunda/bpm/engine/db/create/activiti.h2.create.case.history.sql'
11:34:55.879 [main] INFO  org.camunda.bpm.engine.persistence - ENGINE-03016 Performing database operation 'create' on component 'decision.engine' with resource 'org/camunda/bpm/engine/db/create/activiti.h2.create.decision.engine.sql'
11:34:55.885 [main] INFO  org.camunda.bpm.engine.persistence - ENGINE-03016 Performing database operation 'create' on component 'decision.history' with resource 'org/camunda/bpm/engine/db/create/activiti.h2.create.decision.history.sql'
11:34:55.889 [main] INFO  org.camunda.bpm.engine.persistence - ENGINE-03067 No history level property found in database
11:34:55.889 [main] INFO  org.camunda.bpm.engine.persistence - ENGINE-03065 Creating historyLevel property in database for level: HistoryLevelFull(name=full, id=3)
11:34:55.896 [main] INFO  org.camunda.bpm.engine - ENGINE-00001 Process Engine default created.
11:34:56.117 [main] INFO  o.c.b.s.b.s.r.CamundaJerseyResourceConfig - Configuring camunda rest api.
11:34:56.137 [main] INFO  o.c.b.s.b.s.r.CamundaJerseyResourceConfig - Finished configuring camunda rest api.
11:34:56.491 [main] DEBUG o.h.v.m.ResourceBundleMessageInterpolator - Loaded expression factory via original TCCL
11:34:56.497 [main] DEBUG o.h.v.i.e.AbstractConfigurationImpl - Setting custom MessageInterpolator of type org.springframework.validation.beanvalidation.LocaleContextMessageInterpolator
11:34:56.498 [main] DEBUG o.h.v.i.e.AbstractConfigurationImpl - Setting custom ConstraintValidatorFactory of type org.springframework.validation.beanvalidation.SpringConstraintValidatorFactory
11:34:56.499 [main] DEBUG o.h.v.i.e.AbstractConfigurationImpl - Setting custom ParameterNameProvider of type org.springframework.validation.beanvalidation.LocalValidatorFactoryBean$1
11:34:56.500 [main] DEBUG o.h.v.i.x.config.ValidationXmlParser - Trying to load META-INF/validation.xml for XML based Validator configuration.
11:34:56.500 [main] DEBUG o.h.v.i.x.c.ResourceLoaderHelper - Trying to load META-INF/validation.xml via user class loader
11:34:56.500 [main] DEBUG o.h.v.i.x.c.ResourceLoaderHelper - Trying to load META-INF/validation.xml via TCCL
11:34:56.501 [main] DEBUG o.h.v.i.x.c.ResourceLoaderHelper - Trying to load META-INF/validation.xml via Hibernate Validator's class loader
11:34:56.501 [main] DEBUG o.h.v.i.x.config.ValidationXmlParser - No META-INF/validation.xml found. Using annotation based configuration only.
11:34:56.501 [main] DEBUG o.h.v.i.e.r.TraversableResolvers - Cannot find javax.persistence.Persistence on classpath. Assuming non JPA 2 environment. All properties will per default be traversable.
11:34:56.504 [main] DEBUG o.h.v.i.e.ValidatorFactoryConfigurationHelper - HV000252: Using org.hibernate.validator.internal.engine.DefaultPropertyNodeNameProvider as property node name provider.
11:34:56.505 [main] DEBUG o.h.v.i.e.ValidatorFactoryConfigurationHelper - HV000234: Using org.springframework.validation.beanvalidation.LocaleContextMessageInterpolator as ValidatorFactory-scoped message interpolator.
11:34:56.505 [main] DEBUG o.h.v.i.e.ValidatorFactoryConfigurationHelper - HV000234: Using org.hibernate.validator.internal.engine.resolver.TraverseAllTraversableResolver as ValidatorFactory-scoped traversable resolver.
11:34:56.505 [main] DEBUG o.h.v.i.e.ValidatorFactoryConfigurationHelper - HV000234: Using org.hibernate.validator.internal.util.ExecutableParameterNameProvider as ValidatorFactory-scoped parameter name provider.
11:34:56.505 [main] DEBUG o.h.v.i.e.ValidatorFactoryConfigurationHelper - HV000234: Using org.hibernate.validator.internal.engine.DefaultClockProvider as ValidatorFactory-scoped clock provider.
11:34:56.506 [main] DEBUG o.h.v.i.e.ValidatorFactoryConfigurationHelper - HV000234: Using org.hibernate.validator.internal.engine.scripting.DefaultScriptEvaluatorFactory as ValidatorFactory-scoped script evaluator factory.
11:34:56.758 [main] DEBUG _.s.w.s.HandlerMapping.Mappings - 
	o.s.b.a.w.s.e.BasicErrorController:
	{ [/error]}: error(HttpServletRequest)
	{ [/error], produces [text/html]}: errorHtml(HttpServletRequest,HttpServletResponse)
11:34:56.779 [main] DEBUG _.s.w.s.HandlerMapping.Mappings - 'viewControllerHandlerMapping' {/=ParameterizableViewController [view=org.springframework.web.servlet.view.RedirectView: [RedirectView]; URL [/camunda/app/]]}
11:34:56.788 [main] DEBUG _.s.w.s.HandlerMapping.Mappings - 'beanNameHandlerMapping' {}
11:34:56.803 [main] DEBUG _.s.w.s.HandlerMapping.Mappings - 'resourceHandlerMapping' {/webjars/**=ResourceHttpRequestHandler [classpath [META-INF/resources/webjars/]], /**=ResourceHttpRequestHandler [classpath [META-INF/resources/], classpath [resources/], classpath [static/], classpath [public/], ServletContext [/]], /camunda/lib/**=ResourceHttpRequestHandler [classpath [META-INF/resources/webjars/camunda/lib/]], /camunda/api/**=ResourceHttpRequestHandler [classpath [api/]], /camunda/app/**=ResourceHttpRequestHandler [classpath [META-INF/resources/webjars/camunda/app/]]}
11:34:57.214 [main] INFO  org.camunda.bpm.container - ENGINE-08024 Found processes.xml file at file:/workspaces/camunda-7-workflow-training/workflow-app/target/classes/META-INF/processes.xml
11:34:57.215 [main] INFO  org.camunda.bpm.container - ENGINE-08025 Detected empty processes.xml file, using default values
11:34:57.219 [main] INFO  org.camunda.bpm.container - ENGINE-08023 Deployment summary for process archive 'workflow-app': 

        process.bpmn

11:34:57.297 [main] INFO  org.camunda.bpm.application - ENGINE-07021 ProcessApplication 'workflow-app' registered for DB deployments [1]. Will execute process definitions 

        workflow-app[version: 1, id: workflow-app:1:3]
Deployment does not provide any case definitions.
11:34:57.305 [main] INFO  org.camunda.bpm.container - ENGINE-08050 Process application workflow-app successfully deployed
11:34:57.312 [main] INFO  c.e.workflow.ProcessScenarioTest - Started ProcessScenarioTest in 6.008 seconds (JVM running for 18.5)
Process Engine Name: default
RuntimeService: org.camunda.bpm.engine.impl.RuntimeServiceImpl@21f7c0be
TaskService: org.camunda.bpm.engine.impl.TaskServiceImpl@48463900
RepositoryService: org.camunda.bpm.engine.impl.RepositoryServiceImpl@5834298c
HistoryService: org.camunda.bpm.engine.impl.HistoryServiceImpl@7c070e78
ManagementService: org.camunda.bpm.engine.impl.ManagementServiceImpl@63ead376
11:34:58.277 [main] INFO  o.c.c.p.s.p.ProcessEngineCoverageTestExecutionListener - testHappyPath test method coverage is NaN
]]></system-out>
  </testcase>
</testsuite>